mode: atomic
bitbucket.org/SlothNinja/got/placeThief.go:13.56,18.16 4 10
bitbucket.org/SlothNinja/got/placeThief.go:22.2,42.15 10 1
bitbucket.org/SlothNinja/got/placeThief.go:18.16,20.3 1 9
bitbucket.org/SlothNinja/got/placeThief.go:45.57,48.2 2 4
bitbucket.org/SlothNinja/got/placeThief.go:50.35,53.2 2 35
bitbucket.org/SlothNinja/got/placeThief.go:55.72,57.16 2 10
bitbucket.org/SlothNinja/got/placeThief.go:61.2,62.9 2 6
bitbucket.org/SlothNinja/got/placeThief.go:57.16,59.3 1 4
bitbucket.org/SlothNinja/got/placeThief.go:63.18,64.31 1 2
bitbucket.org/SlothNinja/got/placeThief.go:65.29,66.92 1 1
bitbucket.org/SlothNinja/got/placeThief.go:67.30,68.91 1 1
bitbucket.org/SlothNinja/got/placeThief.go:69.36,70.89 1 1
bitbucket.org/SlothNinja/got/placeThief.go:71.10,72.20 1 1
bitbucket.org/SlothNinja/got/routes copy.go:44.46,173.2 21 0
bitbucket.org/SlothNinja/got/controller.go:31.40,32.30 1 0
bitbucket.org/SlothNinja/got/controller.go:32.30,37.17 4 0
bitbucket.org/SlothNinja/got/controller.go:42.3,43.17 2 0
bitbucket.org/SlothNinja/got/controller.go:48.3,50.42 3 0
bitbucket.org/SlothNinja/got/controller.go:37.17,40.4 2 0
bitbucket.org/SlothNinja/got/controller.go:43.17,46.4 2 0
bitbucket.org/SlothNinja/got/controller.go:54.49,55.30 1 0
bitbucket.org/SlothNinja/got/controller.go:55.30,60.13 4 0
bitbucket.org/SlothNinja/got/controller.go:65.3,72.44 5 0
bitbucket.org/SlothNinja/got/controller.go:60.13,63.4 2 0
bitbucket.org/SlothNinja/got/controller.go:76.52,77.30 1 0
bitbucket.org/SlothNinja/got/controller.go:77.30,82.13 4 0
bitbucket.org/SlothNinja/got/controller.go:87.3,88.17 2 0
bitbucket.org/SlothNinja/got/controller.go:93.3,107.17 5 0
bitbucket.org/SlothNinja/got/controller.go:112.3,123.72 11 0
bitbucket.org/SlothNinja/got/controller.go:138.3,138.17 1 0
bitbucket.org/SlothNinja/got/controller.go:143.3,143.104 1 0
bitbucket.org/SlothNinja/got/controller.go:82.13,85.4 2 0
bitbucket.org/SlothNinja/got/controller.go:88.17,91.4 2 0
bitbucket.org/SlothNinja/got/controller.go:107.17,110.4 2 0
bitbucket.org/SlothNinja/got/controller.go:123.72,125.18 2 0
bitbucket.org/SlothNinja/got/controller.go:129.4,132.18 4 0
bitbucket.org/SlothNinja/got/controller.go:135.4,135.14 1 0
bitbucket.org/SlothNinja/got/controller.go:125.18,127.5 1 0
bitbucket.org/SlothNinja/got/controller.go:132.18,134.5 1 0
bitbucket.org/SlothNinja/got/controller.go:138.17,141.4 2 0
bitbucket.org/SlothNinja/got/controller.go:147.64,148.30 1 0
bitbucket.org/SlothNinja/got/controller.go:148.30,153.13 4 0
bitbucket.org/SlothNinja/got/controller.go:158.3,159.17 2 0
bitbucket.org/SlothNinja/got/controller.go:164.3,167.17 3 0
bitbucket.org/SlothNinja/got/controller.go:172.3,173.17 2 0
bitbucket.org/SlothNinja/got/controller.go:178.3,179.17 2 0
bitbucket.org/SlothNinja/got/controller.go:184.3,184.12 1 0
bitbucket.org/SlothNinja/got/controller.go:208.3,209.17 2 0
bitbucket.org/SlothNinja/got/controller.go:214.3,214.110 1 0
bitbucket.org/SlothNinja/got/controller.go:153.13,156.4 2 0
bitbucket.org/SlothNinja/got/controller.go:159.17,162.4 2 0
bitbucket.org/SlothNinja/got/controller.go:167.17,170.4 2 0
bitbucket.org/SlothNinja/got/controller.go:173.17,176.4 2 0
bitbucket.org/SlothNinja/got/controller.go:179.17,182.4 2 0
bitbucket.org/SlothNinja/got/controller.go:184.12,191.74 5 0
bitbucket.org/SlothNinja/got/controller.go:198.4,198.18 1 0
bitbucket.org/SlothNinja/got/controller.go:203.4,205.10 3 0
bitbucket.org/SlothNinja/got/controller.go:191.74,196.5 4 0
bitbucket.org/SlothNinja/got/controller.go:198.18,201.5 2 0
bitbucket.org/SlothNinja/got/controller.go:209.17,212.4 2 0
bitbucket.org/SlothNinja/got/controller.go:218.62,219.30 1 0
bitbucket.org/SlothNinja/got/controller.go:219.30,224.13 4 0
bitbucket.org/SlothNinja/got/controller.go:229.3,230.17 2 0
bitbucket.org/SlothNinja/got/controller.go:235.3,236.17 2 0
bitbucket.org/SlothNinja/got/controller.go:241.3,244.17 3 0
bitbucket.org/SlothNinja/got/controller.go:249.3,250.17 2 0
bitbucket.org/SlothNinja/got/controller.go:255.3,255.33 1 0
bitbucket.org/SlothNinja/got/controller.go:259.3,260.17 2 0
bitbucket.org/SlothNinja/got/controller.go:265.3,268.5 1 0
bitbucket.org/SlothNinja/got/controller.go:224.13,227.4 2 0
bitbucket.org/SlothNinja/got/controller.go:230.17,233.4 2 0
bitbucket.org/SlothNinja/got/controller.go:236.17,239.4 2 0
bitbucket.org/SlothNinja/got/controller.go:244.17,247.4 2 0
bitbucket.org/SlothNinja/got/controller.go:250.17,253.4 2 0
bitbucket.org/SlothNinja/got/controller.go:255.33,257.4 1 0
bitbucket.org/SlothNinja/got/controller.go:260.17,263.4 2 0
bitbucket.org/SlothNinja/got/controller.go:272.46,274.2 1 0
bitbucket.org/SlothNinja/got/controller.go:276.44,278.2 1 0
bitbucket.org/SlothNinja/got/controller.go:280.47,282.2 1 0
bitbucket.org/SlothNinja/got/controller.go:284.45,286.2 1 0
bitbucket.org/SlothNinja/got/controller.go:288.40,290.2 1 0
bitbucket.org/SlothNinja/got/controller.go:294.38,295.27 1 0
bitbucket.org/SlothNinja/got/controller.go:296.21,297.55 1 0
bitbucket.org/SlothNinja/got/controller.go:298.10,300.65 2 0
bitbucket.org/SlothNinja/got/controller.go:304.66,305.30 1 0
bitbucket.org/SlothNinja/got/controller.go:305.30,310.17 4 0
bitbucket.org/SlothNinja/got/controller.go:315.3,316.17 2 0
bitbucket.org/SlothNinja/got/controller.go:321.3,322.17 2 0
bitbucket.org/SlothNinja/got/controller.go:327.3,327.72 1 0
bitbucket.org/SlothNinja/got/controller.go:335.3,335.17 1 0
bitbucket.org/SlothNinja/got/controller.go:339.3,339.42 1 0
bitbucket.org/SlothNinja/got/controller.go:310.17,313.4 2 0
bitbucket.org/SlothNinja/got/controller.go:316.17,319.4 2 0
bitbucket.org/SlothNinja/got/controller.go:322.17,325.4 2 0
bitbucket.org/SlothNinja/got/controller.go:327.72,329.18 2 0
bitbucket.org/SlothNinja/got/controller.go:332.4,332.14 1 0
bitbucket.org/SlothNinja/got/controller.go:329.18,331.5 1 0
bitbucket.org/SlothNinja/got/controller.go:335.17,338.4 2 0
bitbucket.org/SlothNinja/got/controller.go:343.54,345.16 2 0
bitbucket.org/SlothNinja/got/controller.go:348.2,349.15 2 0
bitbucket.org/SlothNinja/got/controller.go:345.16,347.3 1 0
bitbucket.org/SlothNinja/got/controller.go:352.85,353.30 1 0
bitbucket.org/SlothNinja/got/controller.go:353.30,355.17 2 0
bitbucket.org/SlothNinja/got/controller.go:361.3,362.17 2 0
bitbucket.org/SlothNinja/got/controller.go:368.3,369.17 2 0
bitbucket.org/SlothNinja/got/controller.go:375.3,376.17 2 0
bitbucket.org/SlothNinja/got/controller.go:383.3,383.14 1 0
bitbucket.org/SlothNinja/got/controller.go:355.17,359.4 3 0
bitbucket.org/SlothNinja/got/controller.go:362.17,366.4 3 0
bitbucket.org/SlothNinja/got/controller.go:369.17,373.4 3 0
bitbucket.org/SlothNinja/got/controller.go:376.17,380.4 3 0
bitbucket.org/SlothNinja/got/controller.go:387.53,388.30 1 0
bitbucket.org/SlothNinja/got/controller.go:388.30,393.13 4 0
bitbucket.org/SlothNinja/got/controller.go:398.3,399.17 2 0
bitbucket.org/SlothNinja/got/controller.go:404.3,405.17 2 0
bitbucket.org/SlothNinja/got/controller.go:410.3,411.40 2 0
bitbucket.org/SlothNinja/got/controller.go:416.3,418.15 3 0
bitbucket.org/SlothNinja/got/controller.go:424.3,425.17 2 0
bitbucket.org/SlothNinja/got/controller.go:430.3,432.72 3 0
bitbucket.org/SlothNinja/got/controller.go:437.3,437.17 1 0
bitbucket.org/SlothNinja/got/controller.go:442.3,443.42 2 0
bitbucket.org/SlothNinja/got/controller.go:393.13,396.4 2 0
bitbucket.org/SlothNinja/got/controller.go:399.17,402.4 2 0
bitbucket.org/SlothNinja/got/controller.go:405.17,408.4 2 0
bitbucket.org/SlothNinja/got/controller.go:411.40,414.4 2 0
bitbucket.org/SlothNinja/got/controller.go:418.15,422.4 3 0
bitbucket.org/SlothNinja/got/controller.go:425.17,428.4 2 0
bitbucket.org/SlothNinja/got/controller.go:432.72,435.4 2 0
bitbucket.org/SlothNinja/got/controller.go:437.17,440.4 2 0
bitbucket.org/SlothNinja/got/controller.go:447.52,448.30 1 0
bitbucket.org/SlothNinja/got/controller.go:448.30,453.13 4 0
bitbucket.org/SlothNinja/got/controller.go:458.3,459.17 2 0
bitbucket.org/SlothNinja/got/controller.go:464.3,465.17 2 0
bitbucket.org/SlothNinja/got/controller.go:470.3,471.40 2 0
bitbucket.org/SlothNinja/got/controller.go:476.3,478.15 3 0
bitbucket.org/SlothNinja/got/controller.go:484.3,485.17 2 0
bitbucket.org/SlothNinja/got/controller.go:490.3,491.72 2 0
bitbucket.org/SlothNinja/got/controller.go:497.3,497.17 1 0
bitbucket.org/SlothNinja/got/controller.go:502.3,503.42 2 0
bitbucket.org/SlothNinja/got/controller.go:453.13,456.4 2 0
bitbucket.org/SlothNinja/got/controller.go:459.17,462.4 2 0
bitbucket.org/SlothNinja/got/controller.go:465.17,468.4 2 0
bitbucket.org/SlothNinja/got/controller.go:471.40,474.4 2 0
bitbucket.org/SlothNinja/got/controller.go:478.15,482.4 3 0
bitbucket.org/SlothNinja/got/controller.go:485.17,488.4 2 0
bitbucket.org/SlothNinja/got/controller.go:491.72,495.4 3 0
bitbucket.org/SlothNinja/got/controller.go:497.17,500.4 2 0
bitbucket.org/SlothNinja/got/controller.go:507.52,508.30 1 0
bitbucket.org/SlothNinja/got/controller.go:508.30,513.13 4 0
bitbucket.org/SlothNinja/got/controller.go:518.3,519.17 2 0
bitbucket.org/SlothNinja/got/controller.go:524.3,525.17 2 0
bitbucket.org/SlothNinja/got/controller.go:530.3,531.40 2 0
bitbucket.org/SlothNinja/got/controller.go:536.3,538.15 3 0
bitbucket.org/SlothNinja/got/controller.go:544.3,545.17 2 0
bitbucket.org/SlothNinja/got/controller.go:550.3,551.72 2 0
bitbucket.org/SlothNinja/got/controller.go:556.3,556.17 1 0
bitbucket.org/SlothNinja/got/controller.go:561.3,562.42 2 0
bitbucket.org/SlothNinja/got/controller.go:513.13,516.4 2 0
bitbucket.org/SlothNinja/got/controller.go:519.17,522.4 2 0
bitbucket.org/SlothNinja/got/controller.go:525.17,528.4 2 0
bitbucket.org/SlothNinja/got/controller.go:531.40,534.4 2 0
bitbucket.org/SlothNinja/got/controller.go:538.15,542.4 3 0
bitbucket.org/SlothNinja/got/controller.go:545.17,548.4 2 0
bitbucket.org/SlothNinja/got/controller.go:551.72,554.4 2 0
bitbucket.org/SlothNinja/got/controller.go:556.17,559.4 2 0
bitbucket.org/SlothNinja/got/controller.go:584.71,586.16 2 0
bitbucket.org/SlothNinja/got/controller.go:589.2,589.15 1 0
bitbucket.org/SlothNinja/got/controller.go:586.16,588.3 1 0
bitbucket.org/SlothNinja/got/controller.go:607.69,612.16 4 0
bitbucket.org/SlothNinja/got/controller.go:616.2,618.15 3 0
bitbucket.org/SlothNinja/got/controller.go:612.16,614.3 1 0
bitbucket.org/SlothNinja/got/controller.go:621.69,628.2 5 0
bitbucket.org/SlothNinja/got/index.go:41.40,42.30 1 0
bitbucket.org/SlothNinja/got/index.go:42.30,53.17 6 0
bitbucket.org/SlothNinja/got/index.go:59.3,61.17 3 0
bitbucket.org/SlothNinja/got/index.go:66.3,66.21 1 0
bitbucket.org/SlothNinja/got/index.go:69.3,69.21 1 0
bitbucket.org/SlothNinja/got/index.go:74.3,75.13 2 0
bitbucket.org/SlothNinja/got/index.go:81.3,81.17 1 0
bitbucket.org/SlothNinja/got/index.go:85.3,87.18 1 0
bitbucket.org/SlothNinja/got/index.go:53.17,57.4 3 0
bitbucket.org/SlothNinja/got/index.go:61.17,65.4 3 0
bitbucket.org/SlothNinja/got/index.go:66.21,68.4 1 0
bitbucket.org/SlothNinja/got/index.go:69.21,71.4 1 0
bitbucket.org/SlothNinja/got/index.go:75.13,79.4 3 0
bitbucket.org/SlothNinja/got/index.go:81.17,84.4 2 0
bitbucket.org/SlothNinja/got/pass.go:11.50,16.16 4 0
bitbucket.org/SlothNinja/got/pass.go:20.2,35.15 6 0
bitbucket.org/SlothNinja/got/pass.go:16.16,18.3 1 0
bitbucket.org/SlothNinja/got/pass.go:38.60,44.9 4 0
bitbucket.org/SlothNinja/got/pass.go:50.2,50.16 1 0
bitbucket.org/SlothNinja/got/pass.go:45.18,46.23 1 0
bitbucket.org/SlothNinja/got/pass.go:47.32,48.81 1 0
bitbucket.org/SlothNinja/got/phase.go:20.40,21.11 1 3
bitbucket.org/SlothNinja/got/phase.go:22.18,23.22 1 0
bitbucket.org/SlothNinja/got/phase.go:24.22,25.22 1 0
bitbucket.org/SlothNinja/got/phase.go:26.25,27.25 1 0
bitbucket.org/SlothNinja/got/phase.go:28.21,29.21 1 0
bitbucket.org/SlothNinja/got/phase.go:30.24,31.24 1 0
bitbucket.org/SlothNinja/got/phase.go:32.22,33.22 1 0
bitbucket.org/SlothNinja/got/phase.go:34.22,35.30 1 3
bitbucket.org/SlothNinja/got/phase.go:36.23,37.23 1 0
bitbucket.org/SlothNinja/got/phase.go:38.28,39.28 1 0
bitbucket.org/SlothNinja/got/phase.go:40.21,41.21 1 0
bitbucket.org/SlothNinja/got/phase.go:42.20,43.23 1 0
bitbucket.org/SlothNinja/got/phase.go:44.10,45.16 1 0
bitbucket.org/SlothNinja/got/validate.go:12.68,14.12 2 35
bitbucket.org/SlothNinja/got/validate.go:17.2,18.9 2 21
bitbucket.org/SlothNinja/got/validate.go:26.2,26.16 1 19
bitbucket.org/SlothNinja/got/validate.go:14.12,16.3 1 14
bitbucket.org/SlothNinja/got/validate.go:19.14,20.74 1 2
bitbucket.org/SlothNinja/got/validate.go:21.31,22.105 1 0
bitbucket.org/SlothNinja/got/validate.go:23.26,24.86 1 0
bitbucket.org/SlothNinja/got/validate.go:29.57,31.12 2 0
bitbucket.org/SlothNinja/got/validate.go:34.2,34.15 1 0
bitbucket.org/SlothNinja/got/validate.go:37.2,37.12 1 0
bitbucket.org/SlothNinja/got/validate.go:31.12,33.3 1 0
bitbucket.org/SlothNinja/got/validate.go:34.15,36.3 1 0
bitbucket.org/SlothNinja/got/canClick.go:5.54,7.32 2 9
bitbucket.org/SlothNinja/got/canClick.go:11.2,11.10 1 9
bitbucket.org/SlothNinja/got/canClick.go:7.32,10.3 2 432
bitbucket.org/SlothNinja/got/canClick.go:17.54,18.26 1 9
bitbucket.org/SlothNinja/got/canClick.go:19.2,20.34 2 9
bitbucket.org/SlothNinja/got/canClick.go:24.2,24.17 1 5
bitbucket.org/SlothNinja/got/canClick.go:49.2,49.11 1 0
bitbucket.org/SlothNinja/got/canClick.go:18.26,18.42 1 192
bitbucket.org/SlothNinja/got/canClick.go:20.34,22.3 1 4
bitbucket.org/SlothNinja/got/canClick.go:25.25,26.28 1 0
bitbucket.org/SlothNinja/got/canClick.go:27.24,28.28 1 3
bitbucket.org/SlothNinja/got/canClick.go:29.22,31.10 2 2
bitbucket.org/SlothNinja/got/canClick.go:47.3,47.28 1 2
bitbucket.org/SlothNinja/got/canClick.go:26.28,26.61 1 0
bitbucket.org/SlothNinja/got/canClick.go:28.28,28.59 1 144
bitbucket.org/SlothNinja/got/canClick.go:32.68,33.22 1 0
bitbucket.org/SlothNinja/got/canClick.go:34.70,35.23 1 0
bitbucket.org/SlothNinja/got/canClick.go:36.37,37.28 1 0
bitbucket.org/SlothNinja/got/canClick.go:38.38,39.24 1 0
bitbucket.org/SlothNinja/got/canClick.go:40.56,41.25 1 0
bitbucket.org/SlothNinja/got/canClick.go:42.56,43.25 1 0
bitbucket.org/SlothNinja/got/canClick.go:44.37,45.23 1 0
bitbucket.org/SlothNinja/got/canClick.go:47.28,47.53 1 96
bitbucket.org/SlothNinja/got/canClick.go:52.39,54.2 1 0
bitbucket.org/SlothNinja/got/canClick.go:56.34,63.12 3 0
bitbucket.org/SlothNinja/got/canClick.go:68.2,69.47 2 0
bitbucket.org/SlothNinja/got/canClick.go:76.2,76.9 1 0
bitbucket.org/SlothNinja/got/canClick.go:81.2,82.59 2 0
bitbucket.org/SlothNinja/got/canClick.go:89.2,89.9 1 0
bitbucket.org/SlothNinja/got/canClick.go:94.2,95.44 2 0
bitbucket.org/SlothNinja/got/canClick.go:103.2,103.9 1 0
bitbucket.org/SlothNinja/got/canClick.go:108.2,109.56 2 0
bitbucket.org/SlothNinja/got/canClick.go:116.2,116.23 1 0
bitbucket.org/SlothNinja/got/canClick.go:120.2,120.11 1 0
bitbucket.org/SlothNinja/got/canClick.go:63.12,65.3 1 0
bitbucket.org/SlothNinja/got/canClick.go:69.47,71.33 2 0
bitbucket.org/SlothNinja/got/canClick.go:74.3,74.23 1 0
bitbucket.org/SlothNinja/got/canClick.go:71.33,72.9 1 0
bitbucket.org/SlothNinja/got/canClick.go:76.9,78.3 1 0
bitbucket.org/SlothNinja/got/canClick.go:82.59,84.33 2 0
bitbucket.org/SlothNinja/got/canClick.go:87.3,87.23 1 0
bitbucket.org/SlothNinja/got/canClick.go:84.33,85.9 1 0
bitbucket.org/SlothNinja/got/canClick.go:89.9,91.3 1 0
bitbucket.org/SlothNinja/got/canClick.go:95.44,97.33 2 0
bitbucket.org/SlothNinja/got/canClick.go:100.3,100.23 1 0
bitbucket.org/SlothNinja/got/canClick.go:97.33,98.9 1 0
bitbucket.org/SlothNinja/got/canClick.go:103.9,105.3 1 0
bitbucket.org/SlothNinja/got/canClick.go:109.56,111.33 2 0
bitbucket.org/SlothNinja/got/canClick.go:114.3,114.23 1 0
bitbucket.org/SlothNinja/got/canClick.go:111.33,112.9 1 0
bitbucket.org/SlothNinja/got/canClick.go:116.23,118.3 1 0
bitbucket.org/SlothNinja/got/canClick.go:123.40,125.2 1 3
bitbucket.org/SlothNinja/got/canClick.go:127.35,131.12 3 3
bitbucket.org/SlothNinja/got/canClick.go:136.2,136.24 1 3
bitbucket.org/SlothNinja/got/canClick.go:146.2,146.36 1 3
bitbucket.org/SlothNinja/got/canClick.go:156.2,156.21 1 3
bitbucket.org/SlothNinja/got/canClick.go:166.2,166.33 1 3
bitbucket.org/SlothNinja/got/canClick.go:176.2,176.43 1 3
bitbucket.org/SlothNinja/got/canClick.go:190.2,190.55 1 3
bitbucket.org/SlothNinja/got/canClick.go:204.2,204.55 1 3
bitbucket.org/SlothNinja/got/canClick.go:218.2,218.67 1 3
bitbucket.org/SlothNinja/got/canClick.go:232.2,232.67 1 3
bitbucket.org/SlothNinja/got/canClick.go:246.2,246.55 1 3
bitbucket.org/SlothNinja/got/canClick.go:260.2,260.55 1 3
bitbucket.org/SlothNinja/got/canClick.go:274.2,274.43 1 3
bitbucket.org/SlothNinja/got/canClick.go:288.2,288.43 1 3
bitbucket.org/SlothNinja/got/canClick.go:298.2,298.55 1 3
bitbucket.org/SlothNinja/got/canClick.go:308.2,308.55 1 3
bitbucket.org/SlothNinja/got/canClick.go:318.2,318.67 1 3
bitbucket.org/SlothNinja/got/canClick.go:327.2,327.11 1 3
bitbucket.org/SlothNinja/got/canClick.go:131.12,133.3 1 0
bitbucket.org/SlothNinja/got/canClick.go:136.24,140.67 4 0
bitbucket.org/SlothNinja/got/canClick.go:140.67,142.4 1 0
bitbucket.org/SlothNinja/got/canClick.go:146.36,150.67 4 3
bitbucket.org/SlothNinja/got/canClick.go:150.67,152.4 1 3
bitbucket.org/SlothNinja/got/canClick.go:156.21,160.67 4 0
bitbucket.org/SlothNinja/got/canClick.go:160.67,162.4 1 0
bitbucket.org/SlothNinja/got/canClick.go:166.33,170.67 4 3
bitbucket.org/SlothNinja/got/canClick.go:170.67,172.4 1 3
bitbucket.org/SlothNinja/got/canClick.go:176.43,184.67 6 0
bitbucket.org/SlothNinja/got/canClick.go:184.67,186.4 1 0
bitbucket.org/SlothNinja/got/canClick.go:190.55,198.67 6 0
bitbucket.org/SlothNinja/got/canClick.go:198.67,200.4 1 0
bitbucket.org/SlothNinja/got/canClick.go:204.55,212.67 6 0
bitbucket.org/SlothNinja/got/canClick.go:212.67,214.4 1 0
bitbucket.org/SlothNinja/got/canClick.go:218.67,226.67 6 3
bitbucket.org/SlothNinja/got/canClick.go:226.67,228.4 1 3
bitbucket.org/SlothNinja/got/canClick.go:232.67,240.67 6 3
bitbucket.org/SlothNinja/got/canClick.go:240.67,242.4 1 3
bitbucket.org/SlothNinja/got/canClick.go:246.55,254.67 6 0
bitbucket.org/SlothNinja/got/canClick.go:254.67,256.4 1 0
bitbucket.org/SlothNinja/got/canClick.go:260.55,268.67 6 0
bitbucket.org/SlothNinja/got/canClick.go:268.67,270.4 1 0
bitbucket.org/SlothNinja/got/canClick.go:274.43,282.67 6 0
bitbucket.org/SlothNinja/got/canClick.go:282.67,284.4 1 0
bitbucket.org/SlothNinja/got/canClick.go:288.43,292.67 4 0
bitbucket.org/SlothNinja/got/canClick.go:292.67,294.4 1 0
bitbucket.org/SlothNinja/got/canClick.go:298.55,302.67 4 0
bitbucket.org/SlothNinja/got/canClick.go:302.67,304.4 1 0
bitbucket.org/SlothNinja/got/canClick.go:308.55,312.67 4 0
bitbucket.org/SlothNinja/got/canClick.go:312.67,314.4 1 0
bitbucket.org/SlothNinja/got/canClick.go:318.67,322.67 4 3
bitbucket.org/SlothNinja/got/canClick.go:322.67,324.4 1 3
bitbucket.org/SlothNinja/got/canClick.go:330.33,331.23 1 15
bitbucket.org/SlothNinja/got/canClick.go:336.2,336.13 1 15
bitbucket.org/SlothNinja/got/canClick.go:331.23,332.35 1 45
bitbucket.org/SlothNinja/got/canClick.go:332.35,334.4 1 0
bitbucket.org/SlothNinja/got/canClick.go:339.54,341.2 1 0
bitbucket.org/SlothNinja/got/canClick.go:343.47,347.12 3 0
bitbucket.org/SlothNinja/got/canClick.go:355.2,355.56 1 0
bitbucket.org/SlothNinja/got/canClick.go:376.2,376.68 1 0
bitbucket.org/SlothNinja/got/canClick.go:397.2,397.56 1 0
bitbucket.org/SlothNinja/got/canClick.go:418.2,418.68 1 0
bitbucket.org/SlothNinja/got/canClick.go:435.2,435.11 1 0
bitbucket.org/SlothNinja/got/canClick.go:347.12,349.3 1 0
bitbucket.org/SlothNinja/got/canClick.go:355.56,357.13 2 0
bitbucket.org/SlothNinja/got/canClick.go:360.3,360.22 1 0
bitbucket.org/SlothNinja/got/canClick.go:363.3,363.29 1 0
bitbucket.org/SlothNinja/got/canClick.go:357.13,358.9 1 0
bitbucket.org/SlothNinja/got/canClick.go:360.22,361.12 1 0
bitbucket.org/SlothNinja/got/canClick.go:363.29,365.35 2 0
bitbucket.org/SlothNinja/got/canClick.go:368.4,368.9 1 0
bitbucket.org/SlothNinja/got/canClick.go:365.35,367.5 1 0
bitbucket.org/SlothNinja/got/canClick.go:376.68,378.13 2 0
bitbucket.org/SlothNinja/got/canClick.go:381.3,381.22 1 0
bitbucket.org/SlothNinja/got/canClick.go:384.3,384.29 1 0
bitbucket.org/SlothNinja/got/canClick.go:378.13,379.9 1 0
bitbucket.org/SlothNinja/got/canClick.go:381.22,382.12 1 0
bitbucket.org/SlothNinja/got/canClick.go:384.29,386.35 2 0
bitbucket.org/SlothNinja/got/canClick.go:389.4,389.9 1 0
bitbucket.org/SlothNinja/got/canClick.go:386.35,388.5 1 0
bitbucket.org/SlothNinja/got/canClick.go:397.56,399.13 2 0
bitbucket.org/SlothNinja/got/canClick.go:402.3,402.22 1 0
bitbucket.org/SlothNinja/got/canClick.go:405.3,405.29 1 0
bitbucket.org/SlothNinja/got/canClick.go:399.13,400.9 1 0
bitbucket.org/SlothNinja/got/canClick.go:402.22,403.12 1 0
bitbucket.org/SlothNinja/got/canClick.go:405.29,407.35 2 0
bitbucket.org/SlothNinja/got/canClick.go:410.4,410.9 1 0
bitbucket.org/SlothNinja/got/canClick.go:407.35,409.5 1 0
bitbucket.org/SlothNinja/got/canClick.go:418.68,420.13 2 0
bitbucket.org/SlothNinja/got/canClick.go:423.3,423.22 1 0
bitbucket.org/SlothNinja/got/canClick.go:426.3,426.29 1 0
bitbucket.org/SlothNinja/got/canClick.go:420.13,421.9 1 0
bitbucket.org/SlothNinja/got/canClick.go:423.22,424.12 1 0
bitbucket.org/SlothNinja/got/canClick.go:426.29,428.35 2 0
bitbucket.org/SlothNinja/got/canClick.go:431.4,431.9 1 0
bitbucket.org/SlothNinja/got/canClick.go:428.35,430.5 1 0
bitbucket.org/SlothNinja/got/canClick.go:438.41,440.2 1 0
bitbucket.org/SlothNinja/got/canClick.go:442.36,449.12 3 0
bitbucket.org/SlothNinja/got/canClick.go:455.2,458.47 2 0
bitbucket.org/SlothNinja/got/canClick.go:469.2,469.9 1 0
bitbucket.org/SlothNinja/got/canClick.go:475.2,478.59 2 0
bitbucket.org/SlothNinja/got/canClick.go:489.2,489.9 1 0
bitbucket.org/SlothNinja/got/canClick.go:495.2,498.44 2 0
bitbucket.org/SlothNinja/got/canClick.go:509.2,509.9 1 0
bitbucket.org/SlothNinja/got/canClick.go:515.2,518.56 2 0
bitbucket.org/SlothNinja/got/canClick.go:529.2,529.9 1 0
bitbucket.org/SlothNinja/got/canClick.go:533.2,533.11 1 0
bitbucket.org/SlothNinja/got/canClick.go:449.12,451.3 1 0
bitbucket.org/SlothNinja/got/canClick.go:458.47,459.51 1 0
bitbucket.org/SlothNinja/got/canClick.go:460.33,461.17 1 0
bitbucket.org/SlothNinja/got/canClick.go:462.34,464.18 2 0
bitbucket.org/SlothNinja/got/canClick.go:465.11,466.18 1 0
bitbucket.org/SlothNinja/got/canClick.go:469.9,471.3 1 0
bitbucket.org/SlothNinja/got/canClick.go:478.59,479.51 1 0
bitbucket.org/SlothNinja/got/canClick.go:480.33,481.17 1 0
bitbucket.org/SlothNinja/got/canClick.go:482.34,484.19 2 0
bitbucket.org/SlothNinja/got/canClick.go:485.11,486.19 1 0
bitbucket.org/SlothNinja/got/canClick.go:489.9,491.3 1 0
bitbucket.org/SlothNinja/got/canClick.go:498.44,499.54 1 0
bitbucket.org/SlothNinja/got/canClick.go:500.33,501.17 1 0
bitbucket.org/SlothNinja/got/canClick.go:502.34,504.16 2 0
bitbucket.org/SlothNinja/got/canClick.go:505.11,506.16 1 0
bitbucket.org/SlothNinja/got/canClick.go:509.9,511.3 1 0
bitbucket.org/SlothNinja/got/canClick.go:518.56,519.54 1 0
bitbucket.org/SlothNinja/got/canClick.go:520.32,521.17 1 0
bitbucket.org/SlothNinja/got/canClick.go:522.34,524.18 2 0
bitbucket.org/SlothNinja/got/canClick.go:525.11,526.18 1 0
bitbucket.org/SlothNinja/got/canClick.go:529.9,531.3 1 0
bitbucket.org/SlothNinja/got/canClick.go:536.42,538.2 1 0
bitbucket.org/SlothNinja/got/canClick.go:540.37,547.12 3 0
bitbucket.org/SlothNinja/got/canClick.go:552.2,553.29 2 0
bitbucket.org/SlothNinja/got/canClick.go:572.2,573.29 2 0
bitbucket.org/SlothNinja/got/canClick.go:592.2,593.29 2 0
bitbucket.org/SlothNinja/got/canClick.go:612.2,613.29 2 0
bitbucket.org/SlothNinja/got/canClick.go:631.2,631.11 1 0
bitbucket.org/SlothNinja/got/canClick.go:547.12,549.3 1 0
bitbucket.org/SlothNinja/got/canClick.go:553.29,566.30 4 0
bitbucket.org/SlothNinja/got/canClick.go:566.30,568.4 1 0
bitbucket.org/SlothNinja/got/canClick.go:573.29,586.30 4 0
bitbucket.org/SlothNinja/got/canClick.go:586.30,588.4 1 0
bitbucket.org/SlothNinja/got/canClick.go:593.29,606.30 4 0
bitbucket.org/SlothNinja/got/canClick.go:606.30,608.4 1 0
bitbucket.org/SlothNinja/got/canClick.go:613.29,626.30 4 0
bitbucket.org/SlothNinja/got/canClick.go:626.30,628.4 1 0
bitbucket.org/SlothNinja/got/canClick.go:634.42,636.2 1 0
bitbucket.org/SlothNinja/got/canClick.go:638.37,642.12 3 0
bitbucket.org/SlothNinja/got/canClick.go:647.2,648.28 2 0
bitbucket.org/SlothNinja/got/canClick.go:653.2,654.28 2 0
bitbucket.org/SlothNinja/got/canClick.go:659.2,660.28 2 0
bitbucket.org/SlothNinja/got/canClick.go:665.2,666.28 2 0
bitbucket.org/SlothNinja/got/canClick.go:670.2,670.11 1 0
bitbucket.org/SlothNinja/got/canClick.go:642.12,644.3 1 0
bitbucket.org/SlothNinja/got/canClick.go:648.28,650.3 1 0
bitbucket.org/SlothNinja/got/canClick.go:654.28,656.3 1 0
bitbucket.org/SlothNinja/got/canClick.go:660.28,662.3 1 0
bitbucket.org/SlothNinja/got/canClick.go:666.28,668.3 1 0
bitbucket.org/SlothNinja/got/canClick.go:673.40,675.2 1 0
bitbucket.org/SlothNinja/got/canClick.go:677.35,679.2 1 0
bitbucket.org/SlothNinja/got/selectArea.go:8.53,10.16 2 11
bitbucket.org/SlothNinja/got/selectArea.go:14.2,15.12 2 9
bitbucket.org/SlothNinja/got/selectArea.go:19.2,19.15 1 9
bitbucket.org/SlothNinja/got/selectArea.go:10.16,12.3 1 2
bitbucket.org/SlothNinja/got/selectArea.go:15.12,17.3 1 0
bitbucket.org/SlothNinja/got/selectArea.go:22.57,23.23 1 11
bitbucket.org/SlothNinja/got/selectArea.go:36.2,42.16 3 0
bitbucket.org/SlothNinja/got/selectArea.go:46.2,46.54 1 0
bitbucket.org/SlothNinja/got/selectArea.go:23.23,30.17 3 11
bitbucket.org/SlothNinja/got/selectArea.go:33.3,33.55 1 9
bitbucket.org/SlothNinja/got/selectArea.go:30.17,32.4 1 2
bitbucket.org/SlothNinja/got/selectArea.go:42.16,44.3 1 0
bitbucket.org/SlothNinja/got/finish.go:13.60,14.30 1 0
bitbucket.org/SlothNinja/got/finish.go:14.30,19.17 4 0
bitbucket.org/SlothNinja/got/finish.go:25.3,26.17 2 0
bitbucket.org/SlothNinja/got/finish.go:32.3,33.17 2 0
bitbucket.org/SlothNinja/got/finish.go:39.3,41.31 2 0
bitbucket.org/SlothNinja/got/finish.go:51.3,60.72 3 0
bitbucket.org/SlothNinja/got/finish.go:72.3,72.17 1 0
bitbucket.org/SlothNinja/got/finish.go:78.3,78.42 1 0
bitbucket.org/SlothNinja/got/finish.go:19.17,23.4 3 0
bitbucket.org/SlothNinja/got/finish.go:26.17,30.4 3 0
bitbucket.org/SlothNinja/got/finish.go:33.17,37.4 3 0
bitbucket.org/SlothNinja/got/finish.go:41.31,44.18 3 0
bitbucket.org/SlothNinja/got/finish.go:44.18,48.5 3 0
bitbucket.org/SlothNinja/got/finish.go:60.72,62.18 2 0
bitbucket.org/SlothNinja/got/finish.go:65.4,66.18 2 0
bitbucket.org/SlothNinja/got/finish.go:69.4,69.14 1 0
bitbucket.org/SlothNinja/got/finish.go:62.18,64.5 1 0
bitbucket.org/SlothNinja/got/finish.go:66.18,68.5 1 0
bitbucket.org/SlothNinja/got/finish.go:72.17,76.4 3 0
bitbucket.org/SlothNinja/got/notices.go:13.68,38.2 7 0
bitbucket.org/SlothNinja/got/notices.go:40.80,45.38 4 0
bitbucket.org/SlothNinja/got/notices.go:49.2,56.23 2 0
bitbucket.org/SlothNinja/got/notices.go:64.2,77.3 4 0
bitbucket.org/SlothNinja/got/notices.go:45.38,47.3 1 0
bitbucket.org/SlothNinja/got/notices.go:56.23,63.3 1 0
bitbucket.org/SlothNinja/got/notices.go:80.41,81.25 1 0
bitbucket.org/SlothNinja/got/notices.go:90.2,90.10 1 0
bitbucket.org/SlothNinja/got/notices.go:82.9,82.9 0 0
bitbucket.org/SlothNinja/got/notices.go:83.9,84.12 1 0
bitbucket.org/SlothNinja/got/notices.go:85.9,86.30 1 0
bitbucket.org/SlothNinja/got/notices.go:87.10,88.56 1 0
bitbucket.org/SlothNinja/got/services.go:190.51,191.30 1 0
bitbucket.org/SlothNinja/got/services.go:191.30,196.13 4 0
bitbucket.org/SlothNinja/got/services.go:202.3,202.16 1 0
bitbucket.org/SlothNinja/got/services.go:207.3,209.10 3 0
bitbucket.org/SlothNinja/got/services.go:215.3,226.5 8 0
bitbucket.org/SlothNinja/got/services.go:196.13,200.4 3 0
bitbucket.org/SlothNinja/got/services.go:202.16,205.4 2 0
bitbucket.org/SlothNinja/got/services.go:209.10,213.4 3 0
bitbucket.org/SlothNinja/got/services.go:230.45,231.30 1 0
bitbucket.org/SlothNinja/got/services.go:231.30,236.13 4 0
bitbucket.org/SlothNinja/got/services.go:240.3,240.41 1 0
bitbucket.org/SlothNinja/got/services.go:236.13,238.4 1 0
bitbucket.org/SlothNinja/got/services.go:244.46,245.30 1 0
bitbucket.org/SlothNinja/got/services.go:245.30,251.17 5 0
bitbucket.org/SlothNinja/got/services.go:257.3,261.5 1 0
bitbucket.org/SlothNinja/got/services.go:251.17,255.4 3 0
bitbucket.org/SlothNinja/got/services.go:285.48,286.30 1 0
bitbucket.org/SlothNinja/got/services.go:286.30,291.13 4 0
bitbucket.org/SlothNinja/got/services.go:296.3,296.16 1 0
bitbucket.org/SlothNinja/got/services.go:301.3,303.10 3 0
bitbucket.org/SlothNinja/got/services.go:309.3,310.17 2 0
bitbucket.org/SlothNinja/got/services.go:315.3,315.39 1 0
bitbucket.org/SlothNinja/got/services.go:320.3,321.17 2 0
bitbucket.org/SlothNinja/got/services.go:327.3,328.17 2 0
bitbucket.org/SlothNinja/got/services.go:334.3,335.12 2 0
bitbucket.org/SlothNinja/got/services.go:342.3,343.17 2 0
bitbucket.org/SlothNinja/got/services.go:349.3,351.26 3 0
bitbucket.org/SlothNinja/got/services.go:354.3,355.17 2 0
bitbucket.org/SlothNinja/got/services.go:361.3,364.17 3 0
bitbucket.org/SlothNinja/got/services.go:368.3,370.11 1 0
bitbucket.org/SlothNinja/got/services.go:291.13,294.4 2 0
bitbucket.org/SlothNinja/got/services.go:296.16,299.4 2 0
bitbucket.org/SlothNinja/got/services.go:303.10,307.4 3 0
bitbucket.org/SlothNinja/got/services.go:310.17,313.4 2 0
bitbucket.org/SlothNinja/got/services.go:315.39,318.4 2 0
bitbucket.org/SlothNinja/got/services.go:321.17,325.4 3 0
bitbucket.org/SlothNinja/got/services.go:328.17,332.4 3 0
bitbucket.org/SlothNinja/got/services.go:335.12,340.4 4 0
bitbucket.org/SlothNinja/got/services.go:343.17,347.4 3 0
bitbucket.org/SlothNinja/got/services.go:351.26,353.4 1 0
bitbucket.org/SlothNinja/got/services.go:355.17,359.4 3 0
bitbucket.org/SlothNinja/got/services.go:364.17,366.4 1 0
bitbucket.org/SlothNinja/got/services.go:374.69,385.16 5 0
bitbucket.org/SlothNinja/got/services.go:389.2,396.15 8 0
bitbucket.org/SlothNinja/got/services.go:385.16,387.3 1 0
bitbucket.org/SlothNinja/got/services.go:452.53,454.2 1 0
bitbucket.org/SlothNinja/got/services.go:472.44,473.30 1 0
bitbucket.org/SlothNinja/got/services.go:473.30,478.13 4 0
bitbucket.org/SlothNinja/got/services.go:483.3,484.34 2 0
bitbucket.org/SlothNinja/got/services.go:489.3,490.17 2 0
bitbucket.org/SlothNinja/got/services.go:496.3,497.17 2 0
bitbucket.org/SlothNinja/got/services.go:503.3,504.17 2 0
bitbucket.org/SlothNinja/got/services.go:510.3,510.12 1 0
bitbucket.org/SlothNinja/got/services.go:538.3,539.17 2 0
bitbucket.org/SlothNinja/got/services.go:544.3,545.17 2 0
bitbucket.org/SlothNinja/got/services.go:552.3,556.5 1 0
bitbucket.org/SlothNinja/got/services.go:478.13,481.4 2 0
bitbucket.org/SlothNinja/got/services.go:484.34,487.4 2 0
bitbucket.org/SlothNinja/got/services.go:490.17,494.4 3 0
bitbucket.org/SlothNinja/got/services.go:497.17,501.4 3 0
bitbucket.org/SlothNinja/got/services.go:504.17,508.4 3 0
bitbucket.org/SlothNinja/got/services.go:510.12,513.4 2 0
bitbucket.org/SlothNinja/got/services.go:539.17,542.4 2 0
bitbucket.org/SlothNinja/got/services.go:545.17,550.4 2 0
bitbucket.org/SlothNinja/got/services.go:560.66,566.2 1 0
bitbucket.org/SlothNinja/got/services.go:568.62,570.16 2 0
bitbucket.org/SlothNinja/got/services.go:574.2,574.50 1 0
bitbucket.org/SlothNinja/got/services.go:577.2,577.18 1 0
bitbucket.org/SlothNinja/got/services.go:570.16,572.3 1 0
bitbucket.org/SlothNinja/got/services.go:574.50,576.3 1 0
bitbucket.org/SlothNinja/got/services.go:591.28,600.46 7 0
bitbucket.org/SlothNinja/got/services.go:600.46,605.3 1 0
bitbucket.org/SlothNinja/got/services.go:605.8,607.3 1 0
bitbucket.org/SlothNinja/got/services.go:625.29,633.2 6 0
bitbucket.org/SlothNinja/got/services.go:635.55,642.2 3 0
bitbucket.org/SlothNinja/got/services.go:644.25,648.2 3 0
bitbucket.org/SlothNinja/got/services.go:650.30,702.16 9 0
bitbucket.org/SlothNinja/got/services.go:707.2,709.47 2 0
bitbucket.org/SlothNinja/got/services.go:720.2,720.38 1 0
bitbucket.org/SlothNinja/got/services.go:702.16,706.3 3 0
bitbucket.org/SlothNinja/got/services.go:709.47,710.30 1 0
bitbucket.org/SlothNinja/got/services.go:717.3,718.9 2 0
bitbucket.org/SlothNinja/got/services.go:710.30,716.4 5 0
bitbucket.org/SlothNinja/got/services.go:723.27,729.40 5 0
bitbucket.org/SlothNinja/got/services.go:734.2,738.16 5 0
bitbucket.org/SlothNinja/got/services.go:744.2,748.16 4 0
bitbucket.org/SlothNinja/got/services.go:752.2,754.16 3 0
bitbucket.org/SlothNinja/got/services.go:758.2,763.16 5 0
bitbucket.org/SlothNinja/got/services.go:768.2,772.38 4 0
bitbucket.org/SlothNinja/got/services.go:786.2,786.16 1 0
bitbucket.org/SlothNinja/got/services.go:792.2,793.16 2 0
bitbucket.org/SlothNinja/got/services.go:798.2,800.38 2 0
bitbucket.org/SlothNinja/got/services.go:729.40,732.3 2 0
bitbucket.org/SlothNinja/got/services.go:738.16,742.3 3 0
bitbucket.org/SlothNinja/got/services.go:748.16,751.3 2 0
bitbucket.org/SlothNinja/got/services.go:754.16,757.3 2 0
bitbucket.org/SlothNinja/got/services.go:763.16,767.3 3 0
bitbucket.org/SlothNinja/got/services.go:772.38,776.17 4 0
bitbucket.org/SlothNinja/got/services.go:781.3,783.9 3 0
bitbucket.org/SlothNinja/got/services.go:776.17,780.4 3 0
bitbucket.org/SlothNinja/got/services.go:786.16,790.3 3 0
bitbucket.org/SlothNinja/got/services.go:793.16,797.3 3 0
bitbucket.org/SlothNinja/got/services.go:803.24,805.2 1 0
bitbucket.org/SlothNinja/got/services.go:807.68,818.13 4 0
bitbucket.org/SlothNinja/got/services.go:822.2,822.13 1 0
bitbucket.org/SlothNinja/got/services.go:818.13,821.3 2 0
bitbucket.org/SlothNinja/got/setup.go:5.33,13.30 6 35
bitbucket.org/SlothNinja/got/setup.go:17.2,20.10 4 35
bitbucket.org/SlothNinja/got/setup.go:13.30,15.3 1 70
bitbucket.org/SlothNinja/got/start.go:10.28,26.2 10 35
bitbucket.org/SlothNinja/got/card.go:22.47,25.16 3 10
bitbucket.org/SlothNinja/got/card.go:28.2,29.12 2 9
bitbucket.org/SlothNinja/got/card.go:25.16,27.3 1 1
bitbucket.org/SlothNinja/got/card.go:32.45,35.2 2 3
bitbucket.org/SlothNinja/got/card.go:38.41,40.2 1 2699
bitbucket.org/SlothNinja/got/card.go:42.23,44.25 2 38
bitbucket.org/SlothNinja/got/card.go:49.2,49.13 1 38
bitbucket.org/SlothNinja/got/card.go:44.25,45.104 1 304
bitbucket.org/SlothNinja/got/card.go:45.104,47.4 1 2432
bitbucket.org/SlothNinja/got/card.go:53.37,56.2 2 1692
bitbucket.org/SlothNinja/got/card.go:59.41,61.20 2 5
bitbucket.org/SlothNinja/got/card.go:64.2,64.12 1 5
bitbucket.org/SlothNinja/got/card.go:61.20,63.3 1 9
bitbucket.org/SlothNinja/got/card.go:69.40,71.2 1 1683
bitbucket.org/SlothNinja/got/card.go:75.48,77.2 1 1683
bitbucket.org/SlothNinja/got/card.go:81.37,83.2 1 1680
bitbucket.org/SlothNinja/got/card.go:87.64,88.20 1 9
bitbucket.org/SlothNinja/got/card.go:94.2,94.18 1 4
bitbucket.org/SlothNinja/got/card.go:88.20,90.12 2 19
bitbucket.org/SlothNinja/got/card.go:90.12,92.4 1 5
bitbucket.org/SlothNinja/got/card.go:98.25,104.2 1 70
bitbucket.org/SlothNinja/got/card.go:107.27,108.16 1 15
bitbucket.org/SlothNinja/got/card.go:109.15,110.11 1 1
bitbucket.org/SlothNinja/got/card.go:111.15,112.11 1 2
bitbucket.org/SlothNinja/got/card.go:113.25,114.11 1 4
bitbucket.org/SlothNinja/got/card.go:115.26,116.11 1 3
bitbucket.org/SlothNinja/got/card.go:117.14,118.11 1 1
bitbucket.org/SlothNinja/got/card.go:119.15,120.12 1 1
bitbucket.org/SlothNinja/got/card.go:121.10,122.11 1 3
bitbucket.org/SlothNinja/got/card.go:127.51,129.23 2 2
bitbucket.org/SlothNinja/got/card.go:134.2,134.14 1 2
bitbucket.org/SlothNinja/got/card.go:129.23,130.14 1 128
bitbucket.org/SlothNinja/got/card.go:130.14,132.4 1 16
bitbucket.org/SlothNinja/got/card.go:139.55,142.16 3 11
bitbucket.org/SlothNinja/got/card.go:146.2,146.53 1 6
bitbucket.org/SlothNinja/got/card.go:147.2,147.12 1 6
bitbucket.org/SlothNinja/got/card.go:150.2,150.19 1 4
bitbucket.org/SlothNinja/got/card.go:142.16,144.3 1 5
bitbucket.org/SlothNinja/got/card.go:146.53,146.82 1 14
bitbucket.org/SlothNinja/got/card.go:147.12,149.3 1 2
bitbucket.org/SlothNinja/got/card.go:182.47,184.2 1 3
bitbucket.org/SlothNinja/got/card.go:187.49,191.16 3 12
bitbucket.org/SlothNinja/got/card.go:194.2,195.12 2 11
bitbucket.org/SlothNinja/got/card.go:191.16,193.3 1 1
bitbucket.org/SlothNinja/got/card.go:199.31,200.35 1 22
bitbucket.org/SlothNinja/got/card.go:201.14,202.16 1 1
bitbucket.org/SlothNinja/got/card.go:203.15,204.17 1 5
bitbucket.org/SlothNinja/got/card.go:205.15,206.17 1 1
bitbucket.org/SlothNinja/got/card.go:207.16,208.18 1 1
bitbucket.org/SlothNinja/got/card.go:209.15,210.17 1 2
bitbucket.org/SlothNinja/got/card.go:211.16,212.18 1 1
bitbucket.org/SlothNinja/got/card.go:213.16,214.18 1 2
bitbucket.org/SlothNinja/got/card.go:215.15,216.17 1 1
bitbucket.org/SlothNinja/got/card.go:217.21,218.18 1 4
bitbucket.org/SlothNinja/got/card.go:219.20,220.17 1 3
bitbucket.org/SlothNinja/got/card.go:221.10,222.16 1 1
bitbucket.org/SlothNinja/got/card.go:229.33,230.11 1 26
bitbucket.org/SlothNinja/got/card.go:231.14,232.16 1 2
bitbucket.org/SlothNinja/got/card.go:233.15,234.17 1 5
bitbucket.org/SlothNinja/got/card.go:235.15,236.17 1 2
bitbucket.org/SlothNinja/got/card.go:237.16,238.18 1 2
bitbucket.org/SlothNinja/got/card.go:239.15,240.17 1 4
bitbucket.org/SlothNinja/got/card.go:241.16,242.18 1 2
bitbucket.org/SlothNinja/got/card.go:243.16,244.18 1 3
bitbucket.org/SlothNinja/got/card.go:245.15,246.17 1 2
bitbucket.org/SlothNinja/got/card.go:247.16,248.17 1 1
bitbucket.org/SlothNinja/got/card.go:249.15,250.16 1 1
bitbucket.org/SlothNinja/got/card.go:251.10,252.16 1 2
bitbucket.org/SlothNinja/got/card.go:257.34,259.2 1 11
bitbucket.org/SlothNinja/got/card.go:264.35,265.11 1 14
bitbucket.org/SlothNinja/got/card.go:266.16,267.23 1 1
bitbucket.org/SlothNinja/got/card.go:268.15,269.22 1 2
bitbucket.org/SlothNinja/got/card.go:270.10,271.21 1 11
bitbucket.org/SlothNinja/got/routes.go:14.61,51.2 6 0
bitbucket.org/SlothNinja/got/glog.go:95.38,96.17 1 0
bitbucket.org/SlothNinja/got/glog.go:99.2,99.26 1 0
bitbucket.org/SlothNinja/got/glog.go:96.17,98.3 1 0
bitbucket.org/SlothNinja/got/glog.go:102.58,104.16 2 0
bitbucket.org/SlothNinja/got/glog.go:107.2,107.19 1 0
bitbucket.org/SlothNinja/got/glog.go:104.16,106.3 1 0
bitbucket.org/SlothNinja/got/glog.go:110.58,112.16 2 0
bitbucket.org/SlothNinja/got/glog.go:115.2,115.20 1 0
bitbucket.org/SlothNinja/got/glog.go:112.16,114.3 1 0
bitbucket.org/SlothNinja/got/glog.go:118.83,119.30 1 0
bitbucket.org/SlothNinja/got/glog.go:119.30,124.17 4 0
bitbucket.org/SlothNinja/got/glog.go:130.3,131.17 2 0
bitbucket.org/SlothNinja/got/glog.go:137.3,138.17 2 0
bitbucket.org/SlothNinja/got/glog.go:144.3,145.17 2 0
bitbucket.org/SlothNinja/got/glog.go:151.3,151.16 1 0
bitbucket.org/SlothNinja/got/glog.go:156.3,157.17 2 0
bitbucket.org/SlothNinja/got/glog.go:161.3,163.28 3 0
bitbucket.org/SlothNinja/got/glog.go:168.3,169.17 2 0
bitbucket.org/SlothNinja/got/glog.go:175.3,175.72 1 0
bitbucket.org/SlothNinja/got/glog.go:124.17,128.4 3 0
bitbucket.org/SlothNinja/got/glog.go:131.17,135.4 3 0
bitbucket.org/SlothNinja/got/glog.go:138.17,142.4 3 0
bitbucket.org/SlothNinja/got/glog.go:145.17,149.4 3 0
bitbucket.org/SlothNinja/got/glog.go:151.16,154.4 2 0
bitbucket.org/SlothNinja/got/glog.go:157.17,159.4 1 0
bitbucket.org/SlothNinja/got/glog.go:163.28,166.4 2 0
bitbucket.org/SlothNinja/got/glog.go:169.17,173.4 3 0
bitbucket.org/SlothNinja/got/glog.go:179.44,180.16 1 0
bitbucket.org/SlothNinja/got/glog.go:184.2,185.9 2 0
bitbucket.org/SlothNinja/got/glog.go:189.2,189.25 1 0
bitbucket.org/SlothNinja/got/glog.go:194.2,194.12 1 0
bitbucket.org/SlothNinja/got/glog.go:180.16,182.3 1 0
bitbucket.org/SlothNinja/got/glog.go:185.9,187.3 1 0
bitbucket.org/SlothNinja/got/glog.go:189.25,190.30 1 0
bitbucket.org/SlothNinja/got/glog.go:190.30,192.4 1 0
bitbucket.org/SlothNinja/got/game.go:46.46,56.2 2 0
bitbucket.org/SlothNinja/got/game.go:58.48,61.16 3 0
bitbucket.org/SlothNinja/got/game.go:64.2,66.12 2 0
bitbucket.org/SlothNinja/got/game.go:61.16,63.3 1 0
bitbucket.org/SlothNinja/got/game.go:69.29,74.2 4 70
bitbucket.org/SlothNinja/got/game.go:76.38,78.2 1 70
bitbucket.org/SlothNinja/got/game.go:80.26,82.2 1 35
bitbucket.org/SlothNinja/got/game.go:93.45,102.2 1 0
bitbucket.org/SlothNinja/got/game.go:104.52,109.16 4 0
bitbucket.org/SlothNinja/got/game.go:113.2,115.16 3 0
bitbucket.org/SlothNinja/got/game.go:118.2,122.16 4 0
bitbucket.org/SlothNinja/got/game.go:125.2,126.12 2 0
bitbucket.org/SlothNinja/got/game.go:109.16,111.3 1 0
bitbucket.org/SlothNinja/got/game.go:115.16,117.3 1 0
bitbucket.org/SlothNinja/got/game.go:122.16,124.3 1 0
bitbucket.org/SlothNinja/got/game.go:129.53,131.16 2 0
bitbucket.org/SlothNinja/got/game.go:135.2,136.16 2 0
bitbucket.org/SlothNinja/got/game.go:140.2,142.32 3 0
bitbucket.org/SlothNinja/got/game.go:131.16,133.3 1 0
bitbucket.org/SlothNinja/got/game.go:136.16,138.3 1 0
bitbucket.org/SlothNinja/got/game.go:145.48,148.2 2 0
bitbucket.org/SlothNinja/got/game.go:150.66,158.2 5 0
bitbucket.org/SlothNinja/got/game.go:160.63,171.2 7 0
bitbucket.org/SlothNinja/got/game.go:175.33,180.2 4 0
bitbucket.org/SlothNinja/got/game.go:182.55,184.2 1 0
bitbucket.org/SlothNinja/got/game.go:186.56,188.2 1 0
bitbucket.org/SlothNinja/got/game.go:190.51,193.2 2 0
bitbucket.org/SlothNinja/got/game.go:195.52,197.2 1 0
bitbucket.org/SlothNinja/got/game.go:199.44,201.2 1 0
bitbucket.org/SlothNinja/got/game.go:203.48,215.2 1 0
bitbucket.org/SlothNinja/got/game.go:217.36,218.36 1 35
bitbucket.org/SlothNinja/got/game.go:221.2,221.10 1 35
bitbucket.org/SlothNinja/got/game.go:218.36,220.3 1 70
bitbucket.org/SlothNinja/got/game.go:225.61,227.30 2 54
bitbucket.org/SlothNinja/got/game.go:231.2,232.13 2 54
bitbucket.org/SlothNinja/got/game.go:236.2,238.29 3 54
bitbucket.org/SlothNinja/got/game.go:241.2,241.24 1 4
bitbucket.org/SlothNinja/got/game.go:227.30,229.3 1 0
bitbucket.org/SlothNinja/got/game.go:232.13,234.3 1 0
bitbucket.org/SlothNinja/got/game.go:238.29,240.3 1 50
bitbucket.org/SlothNinja/got/game.go:245.48,247.2 1 6
bitbucket.org/SlothNinja/got/game.go:249.42,253.2 3 70
bitbucket.org/SlothNinja/got/game.go:255.44,262.36 5 70
bitbucket.org/SlothNinja/got/game.go:271.2,271.10 1 70
bitbucket.org/SlothNinja/got/game.go:262.36,264.16 2 140
bitbucket.org/SlothNinja/got/game.go:267.3,268.26 2 140
bitbucket.org/SlothNinja/got/game.go:264.16,266.4 1 70
bitbucket.org/SlothNinja/got/game.go:274.44,275.30 1 35
bitbucket.org/SlothNinja/got/game.go:280.2,280.10 1 35
bitbucket.org/SlothNinja/got/game.go:275.30,279.3 3 70
bitbucket.org/SlothNinja/got/game.go:283.51,287.2 3 0
bitbucket.org/SlothNinja/got/game.go:289.49,294.2 4 0
bitbucket.org/SlothNinja/got/game.go:296.35,297.48 1 0
bitbucket.org/SlothNinja/got/game.go:303.2,303.10 1 0
bitbucket.org/SlothNinja/got/game.go:298.15,299.50 1 0
bitbucket.org/SlothNinja/got/game.go:300.16,301.51 1 0
bitbucket.org/SlothNinja/got/grid.go:26.32,28.2 1 0
bitbucket.org/SlothNinja/got/grid.go:31.34,33.2 1 0
bitbucket.org/SlothNinja/got/grid.go:51.32,53.2 1 0
bitbucket.org/SlothNinja/got/grid.go:56.34,58.2 1 0
bitbucket.org/SlothNinja/got/grid.go:60.43,62.21 2 35
bitbucket.org/SlothNinja/got/grid.go:65.2,65.8 1 35
bitbucket.org/SlothNinja/got/grid.go:62.21,64.3 1 35
bitbucket.org/SlothNinja/got/grid.go:68.35,70.41 2 35
bitbucket.org/SlothNinja/got/grid.go:73.2,75.37 3 35
bitbucket.org/SlothNinja/got/grid.go:84.2,84.13 1 35
bitbucket.org/SlothNinja/got/grid.go:70.41,72.3 1 2205
bitbucket.org/SlothNinja/got/grid.go:75.37,77.35 2 210
bitbucket.org/SlothNinja/got/grid.go:77.35,82.4 4 1680
bitbucket.org/SlothNinja/got/grid.go:87.47,89.11 2 98
bitbucket.org/SlothNinja/got/grid.go:92.2,92.22 1 0
bitbucket.org/SlothNinja/got/grid.go:89.11,91.3 1 98
bitbucket.org/SlothNinja/got/grid.go:95.29,97.2 1 229
bitbucket.org/SlothNinja/got/grid.go:99.29,100.21 1 119
bitbucket.org/SlothNinja/got/grid.go:103.2,103.10 1 0
bitbucket.org/SlothNinja/got/grid.go:100.21,102.3 1 119
bitbucket.org/SlothNinja/got/grid.go:106.41,107.21 1 9
bitbucket.org/SlothNinja/got/grid.go:107.21,108.27 1 54
bitbucket.org/SlothNinja/got/grid.go:108.27,110.4 1 432
bitbucket.org/SlothNinja/got/grid.go:114.39,117.2 2 22
bitbucket.org/SlothNinja/got/grid.go:119.45,122.2 2 0
bitbucket.org/SlothNinja/got/grid.go:124.46,127.16 3 0
bitbucket.org/SlothNinja/got/grid.go:130.2,130.12 1 0
bitbucket.org/SlothNinja/got/grid.go:127.16,129.3 1 0
bitbucket.org/SlothNinja/got/grid.go:147.45,155.2 3 0
bitbucket.org/SlothNinja/got/grid.go:157.47,160.16 3 0
bitbucket.org/SlothNinja/got/grid.go:163.2,164.12 2 0
bitbucket.org/SlothNinja/got/grid.go:160.16,162.3 1 0
bitbucket.org/SlothNinja/got/grid.go:177.49,180.2 2 0
bitbucket.org/SlothNinja/got/grid.go:182.51,185.16 3 0
bitbucket.org/SlothNinja/got/grid.go:188.2,189.12 2 0
bitbucket.org/SlothNinja/got/grid.go:185.16,187.3 1 0
bitbucket.org/SlothNinja/got/grid.go:192.44,194.2 1 1680
bitbucket.org/SlothNinja/got/grid.go:196.31,198.2 1 48
bitbucket.org/SlothNinja/got/grid.go:200.30,202.2 1 45
bitbucket.org/SlothNinja/got/grid.go:204.39,205.24 1 99
bitbucket.org/SlothNinja/got/grid.go:211.2,211.14 1 96
bitbucket.org/SlothNinja/got/grid.go:205.24,207.8 2 9
bitbucket.org/SlothNinja/got/grid.go:207.8,209.4 1 3
bitbucket.org/SlothNinja/got/grid.go:214.44,216.2 1 0
bitbucket.org/SlothNinja/got/grid.go:228.46,234.2 2 0
bitbucket.org/SlothNinja/got/grid.go:236.48,239.16 3 0
bitbucket.org/SlothNinja/got/grid.go:242.2,243.12 2 0
bitbucket.org/SlothNinja/got/grid.go:239.16,241.3 1 0
bitbucket.org/SlothNinja/got/mail.go:15.68,26.2 3 0
bitbucket.org/SlothNinja/got/mail.go:28.76,43.2 3 0
bitbucket.org/SlothNinja/got/mail.go:46.33,49.2 1 0
bitbucket.org/SlothNinja/got/selectThief.go:13.73,20.2 5 0
bitbucket.org/SlothNinja/got/selectThief.go:22.42,25.2 2 2
bitbucket.org/SlothNinja/got/selectThief.go:27.57,32.16 4 5
bitbucket.org/SlothNinja/got/selectThief.go:36.2,51.15 7 2
bitbucket.org/SlothNinja/got/selectThief.go:32.16,34.3 1 3
bitbucket.org/SlothNinja/got/selectThief.go:54.73,59.16 4 5
bitbucket.org/SlothNinja/got/selectThief.go:63.2,64.9 2 2
bitbucket.org/SlothNinja/got/selectThief.go:59.16,61.3 1 3
bitbucket.org/SlothNinja/got/selectThief.go:65.18,66.31 1 0
bitbucket.org/SlothNinja/got/selectThief.go:67.30,68.112 1 0
bitbucket.org/SlothNinja/got/selectThief.go:69.10,70.20 1 2
bitbucket.org/SlothNinja/got/endGame.go:30.57,37.16 5 0
bitbucket.org/SlothNinja/got/endGame.go:41.2,65.36 4 0
bitbucket.org/SlothNinja/got/endGame.go:37.16,39.3 1 0
bitbucket.org/SlothNinja/got/endGame.go:68.51,70.28 2 0
bitbucket.org/SlothNinja/got/endGame.go:75.2,75.13 1 0
bitbucket.org/SlothNinja/got/endGame.go:70.28,71.24 1 0
bitbucket.org/SlothNinja/got/endGame.go:71.24,73.4 1 0
bitbucket.org/SlothNinja/got/endGame.go:104.51,110.22 5 0
bitbucket.org/SlothNinja/got/endGame.go:110.22,113.3 2 0
bitbucket.org/SlothNinja/got/endGame.go:117.104,124.30 5 0
bitbucket.org/SlothNinja/got/endGame.go:152.2,152.16 1 0
bitbucket.org/SlothNinja/got/endGame.go:124.30,125.23 1 0
bitbucket.org/SlothNinja/got/endGame.go:149.3,149.6 1 0
bitbucket.org/SlothNinja/got/endGame.go:125.23,127.14 2 0
bitbucket.org/SlothNinja/got/endGame.go:130.4,131.14 2 0
bitbucket.org/SlothNinja/got/endGame.go:134.4,135.18 2 0
bitbucket.org/SlothNinja/got/endGame.go:138.4,147.5 3 0
bitbucket.org/SlothNinja/got/endGame.go:127.14,129.5 1 0
bitbucket.org/SlothNinja/got/endGame.go:131.14,133.5 1 0
bitbucket.org/SlothNinja/got/endGame.go:135.18,137.5 1 0
bitbucket.org/SlothNinja/got/endGame.go:175.34,177.12 2 0
bitbucket.org/SlothNinja/got/endGame.go:180.2,181.38 2 0
bitbucket.org/SlothNinja/got/endGame.go:187.2,187.11 1 0
bitbucket.org/SlothNinja/got/endGame.go:177.12,179.3 1 0
bitbucket.org/SlothNinja/got/endGame.go:181.38,183.12 2 0
bitbucket.org/SlothNinja/got/endGame.go:183.12,185.4 1 0
bitbucket.org/SlothNinja/got/endGame.go:190.71,193.43 2 0
bitbucket.org/SlothNinja/got/endGame.go:197.2,201.16 4 0
bitbucket.org/SlothNinja/got/endGame.go:205.2,207.31 3 0
bitbucket.org/SlothNinja/got/endGame.go:236.2,236.20 1 0
bitbucket.org/SlothNinja/got/endGame.go:193.43,196.3 2 0
bitbucket.org/SlothNinja/got/endGame.go:201.16,203.3 1 0
bitbucket.org/SlothNinja/got/endGame.go:207.31,210.32 3 0
bitbucket.org/SlothNinja/got/endGame.go:228.3,229.11 2 0
bitbucket.org/SlothNinja/got/endGame.go:210.32,217.38 3 0
bitbucket.org/SlothNinja/got/endGame.go:226.4,226.37 1 0
bitbucket.org/SlothNinja/got/endGame.go:218.16,218.16 0 0
bitbucket.org/SlothNinja/got/endGame.go:219.21,220.25 1 0
bitbucket.org/SlothNinja/got/endGame.go:221.19,222.23 1 0
bitbucket.org/SlothNinja/got/endGame.go:223.12,224.23 1 0
bitbucket.org/SlothNinja/got/endGame.go:229.11,232.4 2 0
bitbucket.org/SlothNinja/got/endGame.go:232.9,232.35 1 0
bitbucket.org/SlothNinja/got/endGame.go:232.35,234.4 1 0
bitbucket.org/SlothNinja/got/finishTurn.go:14.56,18.17 3 0
bitbucket.org/SlothNinja/got/finishTurn.go:19.25,20.37 1 0
bitbucket.org/SlothNinja/got/finishTurn.go:21.22,22.34 1 0
bitbucket.org/SlothNinja/got/finishTurn.go:23.10,25.64 1 0
bitbucket.org/SlothNinja/got/finishTurn.go:29.66,34.12 4 0
bitbucket.org/SlothNinja/got/finishTurn.go:38.2,39.9 2 0
bitbucket.org/SlothNinja/got/finishTurn.go:34.12,36.3 1 0
bitbucket.org/SlothNinja/got/finishTurn.go:40.14,41.81 1 0
bitbucket.org/SlothNinja/got/finishTurn.go:42.31,44.62 1 0
bitbucket.org/SlothNinja/got/finishTurn.go:45.27,46.90 1 0
bitbucket.org/SlothNinja/got/finishTurn.go:47.10,48.17 1 0
bitbucket.org/SlothNinja/got/finishTurn.go:52.52,54.12 2 0
bitbucket.org/SlothNinja/got/finishTurn.go:57.2,57.48 1 0
bitbucket.org/SlothNinja/got/finishTurn.go:54.12,56.3 1 0
bitbucket.org/SlothNinja/got/finishTurn.go:60.56,62.12 2 0
bitbucket.org/SlothNinja/got/finishTurn.go:65.2,65.48 1 0
bitbucket.org/SlothNinja/got/finishTurn.go:62.12,64.3 1 0
bitbucket.org/SlothNinja/got/finishTurn.go:68.68,73.16 4 0
bitbucket.org/SlothNinja/got/finishTurn.go:77.2,78.12 2 0
bitbucket.org/SlothNinja/got/finishTurn.go:82.2,83.13 2 0
bitbucket.org/SlothNinja/got/finishTurn.go:87.2,88.23 2 0
bitbucket.org/SlothNinja/got/finishTurn.go:92.2,92.36 1 0
bitbucket.org/SlothNinja/got/finishTurn.go:97.2,105.15 6 0
bitbucket.org/SlothNinja/got/finishTurn.go:73.16,75.3 1 0
bitbucket.org/SlothNinja/got/finishTurn.go:78.12,80.3 1 0
bitbucket.org/SlothNinja/got/finishTurn.go:83.13,85.3 1 0
bitbucket.org/SlothNinja/got/finishTurn.go:88.23,90.3 1 0
bitbucket.org/SlothNinja/got/finishTurn.go:92.36,95.3 2 0
bitbucket.org/SlothNinja/got/finishTurn.go:108.78,113.9 4 0
bitbucket.org/SlothNinja/got/finishTurn.go:114.18,115.23 1 0
bitbucket.org/SlothNinja/got/finishTurn.go:116.36,117.81 1 0
bitbucket.org/SlothNinja/got/finishTurn.go:118.10,119.17 1 0
bitbucket.org/SlothNinja/got/finishTurn.go:123.60,124.28 1 0
bitbucket.org/SlothNinja/got/finishTurn.go:135.2,135.24 1 0
bitbucket.org/SlothNinja/got/finishTurn.go:124.28,126.10 2 0
bitbucket.org/SlothNinja/got/finishTurn.go:127.15,128.26 1 0
bitbucket.org/SlothNinja/got/finishTurn.go:129.19,130.19 1 0
bitbucket.org/SlothNinja/got/finishTurn.go:131.11,132.10 1 0
bitbucket.org/SlothNinja/got/finishTurn.go:138.65,143.16 4 0
bitbucket.org/SlothNinja/got/finishTurn.go:147.2,150.12 3 0
bitbucket.org/SlothNinja/got/finishTurn.go:158.2,170.15 7 0
bitbucket.org/SlothNinja/got/finishTurn.go:143.16,145.3 1 0
bitbucket.org/SlothNinja/got/finishTurn.go:150.12,154.3 2 0
bitbucket.org/SlothNinja/got/finishTurn.go:173.75,178.9 4 0
bitbucket.org/SlothNinja/got/finishTurn.go:179.18,180.23 1 0
bitbucket.org/SlothNinja/got/finishTurn.go:181.33,182.81 1 0
bitbucket.org/SlothNinja/got/finishTurn.go:183.10,184.17 1 0
bitbucket.org/SlothNinja/got/header.go:16.43,18.2 1 35
bitbucket.org/SlothNinja/got/header.go:20.44,22.2 1 35
bitbucket.org/SlothNinja/got/header.go:38.89,42.2 3 70
bitbucket.org/SlothNinja/got/header.go:44.65,48.2 3 0
bitbucket.org/SlothNinja/got/header.go:50.59,54.2 3 0
bitbucket.org/SlothNinja/got/header.go:56.44,58.2 1 0
bitbucket.org/SlothNinja/got/header.go:60.46,62.2 1 0
bitbucket.org/SlothNinja/got/header.go:64.34,66.2 1 35
bitbucket.org/SlothNinja/got/header.go:68.53,70.22 2 0
bitbucket.org/SlothNinja/got/header.go:74.2,85.4 2 0
bitbucket.org/SlothNinja/got/header.go:70.22,72.3 1 0
bitbucket.org/SlothNinja/got/main.go:36.13,46.2 6 0
bitbucket.org/SlothNinja/got/main.go:48.23,50.16 2 0
bitbucket.org/SlothNinja/got/main.go:53.2,55.13 3 0
bitbucket.org/SlothNinja/got/main.go:50.16,52.3 1 0
bitbucket.org/SlothNinja/got/main.go:60.34,61.13 1 0
bitbucket.org/SlothNinja/got/main.go:61.13,68.3 6 0
bitbucket.org/SlothNinja/got/main.go:71.48,82.2 4 0
bitbucket.org/SlothNinja/got/main.go:84.19,85.13 1 0
bitbucket.org/SlothNinja/got/main.go:90.2,90.30 1 0
bitbucket.org/SlothNinja/got/main.go:85.13,88.3 2 0
bitbucket.org/SlothNinja/got/main.go:93.36,101.2 3 0
bitbucket.org/SlothNinja/got/main.go:111.33,114.16 3 0
bitbucket.org/SlothNinja/got/main.go:117.2,117.12 1 0
bitbucket.org/SlothNinja/got/main.go:114.16,115.13 1 0
bitbucket.org/SlothNinja/got/main.go:120.19,122.2 1 0
bitbucket.org/SlothNinja/got/moveThief.go:19.37,22.2 2 2
bitbucket.org/SlothNinja/got/moveThief.go:88.55,93.16 4 8
bitbucket.org/SlothNinja/got/moveThief.go:97.2,119.17 3 3
bitbucket.org/SlothNinja/got/moveThief.go:130.2,133.15 4 3
bitbucket.org/SlothNinja/got/moveThief.go:93.16,95.3 1 5
bitbucket.org/SlothNinja/got/moveThief.go:120.15,121.28 1 0
bitbucket.org/SlothNinja/got/moveThief.go:122.16,123.29 1 0
bitbucket.org/SlothNinja/got/moveThief.go:124.15,125.27 1 0
bitbucket.org/SlothNinja/got/moveThief.go:126.10,127.46 1 3
bitbucket.org/SlothNinja/got/moveThief.go:136.56,138.11 2 0
bitbucket.org/SlothNinja/got/moveThief.go:152.2,161.27 4 0
bitbucket.org/SlothNinja/got/moveThief.go:138.11,142.12 4 0
bitbucket.org/SlothNinja/got/moveThief.go:142.12,144.4 1 0
bitbucket.org/SlothNinja/got/moveThief.go:164.67,165.20 1 0
bitbucket.org/SlothNinja/got/moveThief.go:179.2,179.14 1 0
bitbucket.org/SlothNinja/got/moveThief.go:165.20,175.3 6 0
bitbucket.org/SlothNinja/got/moveThief.go:175.8,178.3 2 0
bitbucket.org/SlothNinja/got/moveThief.go:182.55,186.2 3 0
bitbucket.org/SlothNinja/got/moveThief.go:188.52,191.2 2 3
bitbucket.org/SlothNinja/got/moveThief.go:193.69,197.2 3 3
bitbucket.org/SlothNinja/got/moveThief.go:199.71,205.13 3 3
bitbucket.org/SlothNinja/got/moveThief.go:209.2,210.27 2 3
bitbucket.org/SlothNinja/got/moveThief.go:205.13,207.3 1 0
bitbucket.org/SlothNinja/got/moveThief.go:213.83,218.16 4 8
bitbucket.org/SlothNinja/got/moveThief.go:222.2,223.16 2 3
bitbucket.org/SlothNinja/got/moveThief.go:227.2,228.12 2 3
bitbucket.org/SlothNinja/got/moveThief.go:232.2,233.9 2 3
bitbucket.org/SlothNinja/got/moveThief.go:251.2,251.30 1 3
bitbucket.org/SlothNinja/got/moveThief.go:218.16,220.3 1 5
bitbucket.org/SlothNinja/got/moveThief.go:223.16,225.3 1 0
bitbucket.org/SlothNinja/got/moveThief.go:228.12,230.3 1 0
bitbucket.org/SlothNinja/got/moveThief.go:234.31,236.73 1 0
bitbucket.org/SlothNinja/got/moveThief.go:237.25,239.79 1 0
bitbucket.org/SlothNinja/got/moveThief.go:247.22,249.107 1 0
bitbucket.org/SlothNinja/got/moveThief.go:254.52,255.9 1 0
bitbucket.org/SlothNinja/got/moveThief.go:265.2,265.22 1 0
bitbucket.org/SlothNinja/got/moveThief.go:256.25,257.44 1 0
bitbucket.org/SlothNinja/got/moveThief.go:258.25,259.44 1 0
bitbucket.org/SlothNinja/got/moveThief.go:260.31,261.44 1 0
bitbucket.org/SlothNinja/got/moveThief.go:262.31,263.44 1 0
bitbucket.org/SlothNinja/got/playCard.go:13.36,21.2 5 0
bitbucket.org/SlothNinja/got/playCard.go:23.54,28.16 4 12
bitbucket.org/SlothNinja/got/playCard.go:32.2,37.25 5 3
bitbucket.org/SlothNinja/got/playCard.go:43.2,58.15 7 3
bitbucket.org/SlothNinja/got/playCard.go:28.16,30.3 1 9
bitbucket.org/SlothNinja/got/playCard.go:37.25,39.3 1 0
bitbucket.org/SlothNinja/got/playCard.go:39.8,41.3 1 3
bitbucket.org/SlothNinja/got/playCard.go:61.69,63.9 2 12
bitbucket.org/SlothNinja/got/playCard.go:64.18,65.26 1 4
bitbucket.org/SlothNinja/got/playCard.go:66.32,67.83 1 1
bitbucket.org/SlothNinja/got/playCard.go:68.10,70.17 2 7
bitbucket.org/SlothNinja/got/playCard.go:73.3,73.24 1 3
bitbucket.org/SlothNinja/got/playCard.go:70.17,72.4 1 4
bitbucket.org/SlothNinja/got/player.go:28.25,34.2 1 70
bitbucket.org/SlothNinja/got/player.go:36.50,37.25 1 0
bitbucket.org/SlothNinja/got/player.go:41.2,41.32 1 0
bitbucket.org/SlothNinja/got/player.go:42.2,43.20 2 0
bitbucket.org/SlothNinja/got/player.go:47.2,47.33 1 0
bitbucket.org/SlothNinja/got/player.go:48.2,49.22 2 0
bitbucket.org/SlothNinja/got/player.go:53.2,54.18 2 0
bitbucket.org/SlothNinja/got/player.go:57.2,57.20 1 0
bitbucket.org/SlothNinja/got/player.go:37.25,39.3 1 0
bitbucket.org/SlothNinja/got/player.go:41.32,41.59 1 0
bitbucket.org/SlothNinja/got/player.go:43.20,45.3 1 0
bitbucket.org/SlothNinja/got/player.go:47.33,47.61 1 0
bitbucket.org/SlothNinja/got/player.go:49.22,51.3 1 0
bitbucket.org/SlothNinja/got/player.go:54.18,56.3 1 0
bitbucket.org/SlothNinja/got/player.go:64.39,67.2 2 70
bitbucket.org/SlothNinja/got/player.go:69.45,71.13 2 0
bitbucket.org/SlothNinja/got/player.go:75.2,79.23 5 0
bitbucket.org/SlothNinja/got/player.go:71.13,73.3 1 0
bitbucket.org/SlothNinja/got/player.go:82.34,85.47 3 0
bitbucket.org/SlothNinja/got/player.go:88.2,88.10 1 0
bitbucket.org/SlothNinja/got/player.go:85.47,87.3 1 0
bitbucket.org/SlothNinja/got/player.go:92.39,94.2 1 0
bitbucket.org/SlothNinja/got/player.go:96.32,102.2 5 0
bitbucket.org/SlothNinja/got/player.go:126.34,127.23 1 0
bitbucket.org/SlothNinja/got/player.go:132.2,132.13 1 0
bitbucket.org/SlothNinja/got/player.go:127.23,128.16 1 0
bitbucket.org/SlothNinja/got/player.go:128.16,130.4 1 0
bitbucket.org/SlothNinja/got/player.go:135.30,137.20 2 35
bitbucket.org/SlothNinja/got/player.go:140.2,140.13 1 35
bitbucket.org/SlothNinja/got/player.go:137.20,139.3 1 70
bitbucket.org/SlothNinja/got/player.go:151.48,153.20 2 0
bitbucket.org/SlothNinja/got/player.go:156.2,156.11 1 0
bitbucket.org/SlothNinja/got/player.go:153.20,155.3 1 0
bitbucket.org/SlothNinja/got/player.go:159.57,160.24 1 10
bitbucket.org/SlothNinja/got/player.go:165.2,165.18 1 0
bitbucket.org/SlothNinja/got/player.go:160.24,161.27 1 20
bitbucket.org/SlothNinja/got/player.go:161.27,163.4 1 10
bitbucket.org/SlothNinja/got/player.go:168.54,169.23 1 50
bitbucket.org/SlothNinja/got/player.go:174.2,174.24 1 0
bitbucket.org/SlothNinja/got/player.go:169.23,170.18 1 100
bitbucket.org/SlothNinja/got/player.go:170.18,172.4 1 50
bitbucket.org/SlothNinja/got/player.go:180.33,181.39 1 35
bitbucket.org/SlothNinja/got/player.go:181.39,183.3 1 35
bitbucket.org/SlothNinja/got/player.go:188.56,191.11 3 0
bitbucket.org/SlothNinja/got/player.go:194.2,194.14 1 0
bitbucket.org/SlothNinja/got/player.go:191.11,193.3 1 0
bitbucket.org/SlothNinja/got/player.go:206.36,209.2 2 0
bitbucket.org/SlothNinja/got/player.go:211.43,213.11 2 10
bitbucket.org/SlothNinja/got/player.go:216.2,216.10 1 10
bitbucket.org/SlothNinja/got/player.go:213.11,215.3 1 10
bitbucket.org/SlothNinja/got/claimItem.go:14.29,16.23 2 6
bitbucket.org/SlothNinja/got/claimItem.go:20.2,20.46 1 6
bitbucket.org/SlothNinja/got/claimItem.go:16.23,18.3 1 0
bitbucket.org/SlothNinja/got/claimItem.go:23.51,26.2 2 4
bitbucket.org/SlothNinja/got/claimItem.go:28.49,35.12 5 3
bitbucket.org/SlothNinja/got/claimItem.go:42.2,56.10 4 3
bitbucket.org/SlothNinja/got/claimItem.go:35.12,38.3 2 3
bitbucket.org/SlothNinja/got/claimItem.go:38.8,40.3 1 0
bitbucket.org/SlothNinja/got/claimItem.go:89.42,94.58 4 0
bitbucket.org/SlothNinja/got/claimItem.go:108.2,108.30 1 0
bitbucket.org/SlothNinja/got/claimItem.go:94.58,95.39 1 0
bitbucket.org/SlothNinja/got/claimItem.go:95.39,97.13 2 0
bitbucket.org/SlothNinja/got/claimItem.go:97.13,99.14 2 0
bitbucket.org/SlothNinja/got/claimItem.go:99.14,104.6 4 0
bitbucket.org/SlothNinja/got/claimItem.go:108.30,110.3 1 0
